0 info it worked if it ends with ok
1 verbose cli [ '/Users/Shared/Developer/nvm/v0.10.35/bin/node',
1 verbose cli   '/Users/Shared/Developer/nvm/v0.10.35/bin/npm',
1 verbose cli   'run',
1 verbose cli   'test' ]
2 info using npm@1.4.28
3 info using node@v0.10.35
4 verbose run-script [ 'pretest', 'test', 'posttest' ]
5 info pretest email-template-guide@0.0.0
6 info test email-template-guide@0.0.0
7 verbose unsafe-perm in lifecycle true
8 info email-template-guide@0.0.0 Failed to exec test script
9 error email-template-guide@0.0.0 test: `gulp litmus`
9 error Exit status 8
10 error Failed at the email-template-guide@0.0.0 test script.
10 error This is most likely a problem with the email-template-guide package,
10 error not with npm itself.
10 error Tell the author that this fails on your system:
10 error     gulp litmus
10 error You can get their info via:
10 error     npm owner ls email-template-guide
10 error There is likely additional logging output above.
11 error System Darwin 14.0.0
12 error command "/Users/Shared/Developer/nvm/v0.10.35/bin/node" "/Users/Shared/Developer/nvm/v0.10.35/bin/npm" "run" "test"
13 error cwd /Volumes/Voorhoede/WebSites/email-template-guide
14 error node -v v0.10.35
15 error npm -v 1.4.28
16 error code ELIFECYCLE
17 verbose exit [ 1, true ]
